-------------------------------------------------------------------------------
Test set: ProcessPersistenceTest
-------------------------------------------------------------------------------
Tests run: 1, Failures: 0, Errors: 1, Skipped: 0, Time elapsed: 4.444 sec <<< FAILURE!
testProcess(ProcessPersistenceTest)  Time elapsed: 4.327 sec  <<< ERROR!
java.lang.RuntimeException: Unable to get LastModified for ClasspathResource
	at org.drools.core.io.impl.ClassPathResource.getLastModified(ClassPathResource.java:212)
	at org.drools.core.io.impl.ClassPathResource.getInputStream(ClassPathResource.java:149)
	at org.drools.core.io.impl.ClassPathResource.getReader(ClassPathResource.java:234)
	at org.jbpm.compiler.ProcessBuilderImpl.addProcessFromXml(ProcessBuilderImpl.java:267)
	at org.drools.compiler.builder.impl.KnowledgeBuilderImpl.addProcessFromXml(KnowledgeBuilderImpl.java:619)
	at org.drools.compiler.builder.impl.KnowledgeBuilderImpl.addKnowledgeResource(KnowledgeBuilderImpl.java:672)
	at org.drools.compiler.builder.impl.KnowledgeBuilderImpl.add(KnowledgeBuilderImpl.java:2164)
	at org.drools.compiler.builder.impl.KnowledgeBuilderImpl.add(KnowledgeBuilderImpl.java:2153)
	at org.jbpm.runtime.manager.impl.SimpleRuntimeEnvironment.addAsset(SimpleRuntimeEnvironment.java:158)
	at org.jbpm.runtime.manager.impl.RuntimeEnvironmentBuilder.addAsset(RuntimeEnvironmentBuilder.java:341)
	at org.jbpm.runtime.manager.impl.RuntimeEnvironmentBuilder.addAsset(RuntimeEnvironmentBuilder.java:74)
	at org.jbpm.test.JbpmJUnitBaseTestCase.createRuntimeManager(JbpmJUnitBaseTestCase.java:442)
	at org.jbpm.test.JbpmJUnitBaseTestCase.createRuntimeManager(JbpmJUnitBaseTestCase.java:268)
	at org.jbpm.test.JbpmJUnitBaseTestCase.createRuntimeManager(JbpmJUnitBaseTestCase.java:250)
	at ProcessPersistenceTest.testProcess(ProcessPersistenceTest.java:25)
	at sun.reflect.NativeMethodAccessorImpl.invoke0(Native Method)
	at sun.reflect.NativeMethodAccessorImpl.invoke(NativeMethodAccessorImpl.java:57)
	at sun.reflect.DelegatingMethodAccessorImpl.invoke(DelegatingMethodAccessorImpl.java:43)
	at java.lang.reflect.Method.invoke(Method.java:606)
	at org.junit.runners.model.FrameworkMethod$1.runReflectiveCall(FrameworkMethod.java:47)
	at org.junit.internal.runners.model.ReflectiveCallable.run(ReflectiveCallable.java:12)
	at org.junit.runners.model.FrameworkMethod.invokeExplosively(FrameworkMethod.java:44)
	at org.junit.internal.runners.statements.InvokeMethod.evaluate(InvokeMethod.java:17)
	at org.junit.internal.runners.statements.RunBefores.evaluate(RunBefores.java:26)
	at org.junit.internal.runners.statements.RunAfters.evaluate(RunAfters.java:27)
	at org.junit.runners.ParentRunner.runLeaf(ParentRunner.java:271)
	at org.junit.runners.BlockJUnit4ClassRunner.runChild(BlockJUnit4ClassRunner.java:70)
	at org.junit.runners.BlockJUnit4ClassRunner.runChild(BlockJUnit4ClassRunner.java:50)
	at org.junit.runners.ParentRunner$3.run(ParentRunner.java:238)
	at org.junit.runners.ParentRunner$1.schedule(ParentRunner.java:63)
	at org.junit.runners.ParentRunner.runChildren(ParentRunner.java:236)
	at org.junit.runners.ParentRunner.access$000(ParentRunner.java:53)
	at org.junit.runners.ParentRunner$2.evaluate(ParentRunner.java:229)
	at org.junit.runners.ParentRunner.run(ParentRunner.java:309)
	at org.apache.maven.surefire.junit4.JUnit4Provider.execute(JUnit4Provider.java:252)
	at org.apache.maven.surefire.junit4.JUnit4Provider.executeTestSet(JUnit4Provider.java:141)
	at org.apache.maven.surefire.junit4.JUnit4Provider.invoke(JUnit4Provider.java:112)
	at sun.reflect.NativeMethodAccessorImpl.invoke0(Native Method)
	at sun.reflect.NativeMethodAccessorImpl.invoke(NativeMethodAccessorImpl.java:57)
	at sun.reflect.DelegatingMethodAccessorImpl.invoke(DelegatingMethodAccessorImpl.java:43)
	at java.lang.reflect.Method.invoke(Method.java:606)
	at org.apache.maven.surefire.util.ReflectionUtils.invokeMethodWithArray(ReflectionUtils.java:189)
	at org.apache.maven.surefire.booter.ProviderFactory$ProviderProxy.invoke(ProviderFactory.java:165)
	at org.apache.maven.surefire.booter.ProviderFactory.invokeProvider(ProviderFactory.java:85)
	at org.apache.maven.surefire.booter.ForkedBooter.runSuitesInProcess(ForkedBooter.java:115)
	at org.apache.maven.surefire.booter.ForkedBooter.main(ForkedBooter.java:75)
Caused by: java.io.FileNotFoundException: 'Approvals.ParentApprovalProcess' cannot be opened because it does not exist
	at org.drools.core.io.impl.ClassPathResource.getURL(ClassPathResource.java:173)
	at org.drools.core.io.impl.ClassPathResource.getLastModified(ClassPathResource.java:185)
	... 45 more

